

1244300844-Peking University
Projects
huggingface
Runs
/root/chenxr/ms-swift/output/GRPO_LOOK_AGAIN/v22-20250424-110340
Logs


xrc
1244300844-Peking University-org
1244300844's profile picture
You have 4% of your 5 GB free storage remaining. Once you exceed your storage limit, access to your data will be restricted until you free up space or buy more storage.
Overview
Workspace
Logs
Files
Artifacts
Search
   1
2025-04-24 03:04:43
Train:   0%|          | 0/3700 [00:00<?, ?it/s]/root/miniconda3/envs/swift/lib/python3.10/site-packages/torch/utils/checkpoint.py:87: UserWarning: None of the inputs have requires_grad=True. Gradients will be None
   2
2025-04-24 03:05:25
  warnings.warn(
   3
2025-04-24 03:06:25
                                                              
   4
2025-04-24 03:06:25
{'loss': 0.02135633, 'grad_norm': 0.98569576, 'learning_rate': 8.4e-07, 'memory(GiB)': 55.37, 'train_speed(iter/s)': 7.072172, 'completions/mean_length': 399.76953125, 'completions/min_length': 225.0, 'completions/max_length': 731.5, 'completions/clipped_ratio': 0.0, 'rewards/MultiModalAccuracyORM/mean': 0.296875, 'rewards/MultiModalAccuracyORM/std': 0.45471238, 'rewards/Format/mean': 0.99609375, 'rewards/Format/std': 0.04419417, 'reward': 1.29296875, 'reward_std': 0.17804266, 'kl': 0.0, 'clip_ratio': 0.0, 'epoch': 5.41, 'global_step/max_steps': '1001/3700', 'percentage': '27.05%', 'elapsed_time': '1m 42s', 'remaining_time': '4m 35s'}
   5
2025-04-24 03:08:08
{'loss': 0.01362274, 'grad_norm': 1.01369593, 'learning_rate': 8.4e-07, 'memory(GiB)': 55.37, 'train_speed(iter/s)': 4.097407, 'completions/mean_length': 416.9375, 'completions/min_length': 231.0, 'completions/max_length': 690.5, 'completions/clipped_ratio': 0.0, 'rewards/MultiModalAccuracyORM/mean': 0.20703125, 'rewards/MultiModalAccuracyORM/std': 0.40183395, 'rewards/Format/mean': 0.99609375, 'rewards/Format/std': 0.04419417, 'reward': 1.203125, 'reward_std': 0.15900813, 'kl': 0.00163269, 'clip_ratio': 0.0, 'epoch': 5.42, 'global_step/max_steps': '1002/3700', 'percentage': '27.08%', 'elapsed_time': '3m 25s', 'remaining_time': '9m 12s'}
   6
2025-04-24 03:10:10
{'loss': 0.02910747, 'grad_norm': 1.18491203, 'learning_rate': 8.4e-07, 'memory(GiB)': 55.37, 'train_speed(iter/s)': 2.733809, 'completions/mean_length': 411.9140625, 'completions/min_length': 237.0, 'completions/max_length': 917.5, 'completions/clipped_ratio': 0.0, 'rewards/MultiModalAccuracyORM/mean': 0.2734375, 'rewards/MultiModalAccuracyORM/std': 0.44738837, 'rewards/Format/mean': 0.98828125, 'rewards/Format/std': 0.10644762, 'reward': 1.26171875, 'reward_std': 0.25448446, 'kl': 0.00193787, 'clip_ratio': 0.0, 'epoch': 5.42, 'global_step/max_steps': '1003/3700', 'percentage': '27.11%', 'elapsed_time': '5m 27s', 'remaining_time': '14m 40s'}
